app/build/intermediates/manifest_merge_blame_file/debug/manifest-merger-blame-debug-report.txt
1<?xml version="1.0" encoding="utf-8"?>
2<manifest xmlns:android="http://schemas.android.com/apk/res/android"
3    package="com.example.imageclassification"
4    android:versionCode="1"
5    android:versionName="1.0" >
6
7    <uses-sdk
8        android:minSdkVersion="26"
8-->src\main\AndroidManifest.xml
9        android:targetSdkVersion="33" />
9-->src\main\AndroidManifest.xml
10
11    <uses-permission android:name="android.permission.WRITE_EXTERNAL_STORAGE" />
11-->src\main\AndroidManifest.xml:4:1-76
11-->src\main\AndroidManifest.xml:4:18-74
12    <uses-permission android:name="android.permission.CAMERA" />
12-->src\main\AndroidManifest.xml:5:5-64
12-->src\main\AndroidManifest.xml:5:22-62
13
14    <!-- Although the *SdkVersion is captured in gradle build files, this is required for non gradle builds -->
15    <!-- <uses-sdk android:minSdkVersion="14"/> -->
16    <uses-permission android:name="android.permission.ACCESS_NETWORK_STATE" />
16-->[com.google.android.datatransport:transport-backend-cct:2.3.3] AndroidManifest.xml:25:5-79
16-->[com.google.android.datatransport:transport-backend-cct:2.3.3] AndroidManifest.xml:25:22-76
17    <uses-permission android:name="android.permission.INTERNET" />
17-->[com.google.android.datatransport:transport-backend-cct:2.3.3] AndroidManifest.xml:26:5-67
17-->[com.google.android.datatransport:transport-backend-cct:2.3.3] AndroidManifest.xml:26:22-64
18
19    <permission
19-->[androidx.core:core:1.9.0] AndroidManifest.xml:22:5-24:47
20        android:name="com.example.imageclassification.DYNAMIC_RECEIVER_NOT_EXPORTED_PERMISSION"
20-->[androidx.core:core:1.9.0] AndroidManifest.xml:23:9-81
21        android:protectionLevel="signature" />
21-->[androidx.core:core:1.9.0] AndroidManifest.xml:24:9-44
22
23    <uses-permission android:name="com.example.imageclassification.DYNAMIC_RECEIVER_NOT_EXPORTED_PERMISSION" />
23-->[androidx.core:core:1.9.0] AndroidManifest.xml:26:5-97
23-->[androidx.core:core:1.9.0] AndroidManifest.xml:26:22-94
24
25    <application
25-->src\main\AndroidManifest.xml:6:5-21:19
26        android:allowBackup="true"
26-->src\main\AndroidManifest.xml:7:9-35
27        android:appComponentFactory="androidx.core.app.CoreComponentFactory"
27-->[androidx.core:core:1.9.0] AndroidManifest.xml:28:18-86
28        android:debuggable="true"
29        android:extractNativeLibs="false"
30        android:icon="@mipmap/ic_launcher"
30-->src\main\AndroidManifest.xml:8:9-43
31        android:label="@string/app_name"
31-->src\main\AndroidManifest.xml:9:9-41
32        android:roundIcon="@mipmap/ic_launcher_round"
32-->src\main\AndroidManifest.xml:10:9-54
33        android:supportsRtl="true"
33-->src\main\AndroidManifest.xml:11:9-35
34        android:testOnly="true"
35        android:theme="@style/Theme.ImageClassification" >
35-->src\main\AndroidManifest.xml:12:9-57
36        <activity
36-->src\main\AndroidManifest.xml:13:9-20:20
37            android:name="com.example.imageclassification.MainActivity"
37-->src\main\AndroidManifest.xml:13:19-47
38            android:exported="true" >
38-->src\main\AndroidManifest.xml:14:13-36
39            <intent-filter>
39-->src\main\AndroidManifest.xml:15:13-19:29
40                <action android:name="android.intent.action.MAIN" />
40-->src\main\AndroidManifest.xml:16:17-69
40-->src\main\AndroidManifest.xml:16:25-66
41
42                <category android:name="android.intent.category.LAUNCHER" />
42-->src\main\AndroidManifest.xml:18:17-77
42-->src\main\AndroidManifest.xml:18:27-74
43            </intent-filter>
44        </activity>
45
46        <service
46-->[com.google.mlkit:smart-reply:17.0.3] AndroidManifest.xml:23:9-29:19
47            android:name="com.google.mlkit.common.internal.MlKitComponentDiscoveryService"
47-->[com.google.mlkit:smart-reply:17.0.3] AndroidManifest.xml:24:13-91
48            android:directBootAware="true"
48-->[com.google.mlkit:common:18.10.0] AndroidManifest.xml:17:13-43
49            android:exported="false" >
49-->[com.google.mlkit:smart-reply:17.0.3] AndroidManifest.xml:25:13-37
50            <meta-data
50-->[com.google.mlkit:smart-reply:17.0.3] AndroidManifest.xml:26:13-28:85
51                android:name="com.google.firebase.components:com.google.mlkit.nl.smartreply.bundled.internal.ThickSmartReplyRegistrar"
51-->[com.google.mlkit:smart-reply:17.0.3] AndroidManifest.xml:27:17-135
52                android:value="com.google.firebase.components.ComponentRegistrar" />
52-->[com.google.mlkit:smart-reply:17.0.3] AndroidManifest.xml:28:17-82
53            <meta-data
53-->[com.google.mlkit:language-id:17.0.5] AndroidManifest.xml:11:13-13:85
54                android:name="com.google.firebase.components:com.google.mlkit.nl.languageid.bundled.internal.ThickLanguageIdRegistrar"
54-->[com.google.mlkit:language-id:17.0.5] AndroidManifest.xml:12:17-135
55                android:value="com.google.firebase.components.ComponentRegistrar" />
55-->[com.google.mlkit:language-id:17.0.5] AndroidManifest.xml:13:17-82
56            <meta-data
56-->[com.google.mlkit:smart-reply-common:16.1.0] AndroidManifest.xml:26:13-28:85
57                android:name="com.google.firebase.components:com.google.mlkit.nl.smartreply.internal.SmartReplyRegistrar"
57-->[com.google.mlkit:smart-reply-common:16.1.0] AndroidManifest.xml:27:17-122
58                android:value="com.google.firebase.components.ComponentRegistrar" />
58-->[com.google.mlkit:smart-reply-common:16.1.0] AndroidManifest.xml:28:17-82
59            <meta-data
59-->[com.google.mlkit:language-id-common:16.1.0] AndroidManifest.xml:26:13-28:85
60                android:name="com.google.firebase.components:com.google.mlkit.nl.languageid.internal.LanguageIdRegistrar"
60-->[com.google.mlkit:language-id-common:16.1.0] AndroidManifest.xml:27:17-122
61                android:value="com.google.firebase.components.ComponentRegistrar" />
61-->[com.google.mlkit:language-id-common:16.1.0] AndroidManifest.xml:28:17-82
62            <meta-data
62-->[com.google.mlkit:common:18.10.0] AndroidManifest.xml:20:13-22:85
63                android:name="com.google.firebase.components:com.google.mlkit.common.internal.CommonComponentRegistrar"
63-->[com.google.mlkit:common:18.10.0] AndroidManifest.xml:21:17-120
64                android:value="com.google.firebase.components.ComponentRegistrar" />
64-->[com.google.mlkit:common:18.10.0] AndroidManifest.xml:22:17-82
65        </service>
66
67        <provider
67-->[com.google.mlkit:common:18.10.0] AndroidManifest.xml:9:9-13:38
68            android:name="com.google.mlkit.common.internal.MlKitInitProvider"
68-->[com.google.mlkit:common:18.10.0] AndroidManifest.xml:10:13-78
69            android:authorities="com.example.imageclassification.mlkitinitprovider"
69-->[com.google.mlkit:common:18.10.0] AndroidManifest.xml:11:13-69
70            android:exported="false"
70-->[com.google.mlkit:common:18.10.0] AndroidManifest.xml:12:13-37
71            android:initOrder="99" />
71-->[com.google.mlkit:common:18.10.0] AndroidManifest.xml:13:13-35
72
73        <service
73-->[com.google.android.datatransport:transport-backend-cct:2.3.3] AndroidManifest.xml:29:9-35:19
74            android:name="com.google.android.datatransport.runtime.backends.TransportBackendDiscovery"
74-->[com.google.android.datatransport:transport-backend-cct:2.3.3] AndroidManifest.xml:30:13-103
75            android:exported="false" >
75-->[com.google.android.datatransport:transport-backend-cct:2.3.3] AndroidManifest.xml:31:13-37
76            <meta-data
76-->[com.google.android.datatransport:transport-backend-cct:2.3.3] AndroidManifest.xml:32:13-34:39
77                android:name="backend:com.google.android.datatransport.cct.CctBackendFactory"
77-->[com.google.android.datatransport:transport-backend-cct:2.3.3] AndroidManifest.xml:33:17-94
78                android:value="cct" />
78-->[com.google.android.datatransport:transport-backend-cct:2.3.3] AndroidManifest.xml:34:17-36
79        </service>
80        <service
80-->[com.google.android.datatransport:transport-runtime:2.2.6] AndroidManifest.xml:26:9-30:19
81            android:name="com.google.android.datatransport.runtime.scheduling.jobscheduling.JobInfoSchedulerService"
81-->[com.google.android.datatransport:transport-runtime:2.2.6] AndroidManifest.xml:27:13-117
82            android:exported="false"
82-->[com.google.android.datatransport:transport-runtime:2.2.6] AndroidManifest.xml:28:13-37
83            android:permission="android.permission.BIND_JOB_SERVICE" >
83-->[com.google.android.datatransport:transport-runtime:2.2.6] AndroidManifest.xml:29:13-69
84        </service>
85
86        <receiver
86-->[com.google.android.datatransport:transport-runtime:2.2.6] AndroidManifest.xml:32:9-34:40
87            android:name="com.google.android.datatransport.runtime.scheduling.jobscheduling.AlarmManagerSchedulerBroadcastReceiver"
87-->[com.google.android.datatransport:transport-runtime:2.2.6] AndroidManifest.xml:33:13-132
88            android:exported="false" />
88-->[com.google.android.datatransport:transport-runtime:2.2.6] AndroidManifest.xml:34:13-37
89
90        <activity
90-->[com.google.android.gms:play-services-base:18.1.0] AndroidManifest.xml:20:9-22:45
91            android:name="com.google.android.gms.common.api.GoogleApiActivity"
91-->[com.google.android.gms:play-services-base:18.1.0] AndroidManifest.xml:20:19-85
92            android:exported="false"
92-->[com.google.android.gms:play-services-base:18.1.0] AndroidManifest.xml:22:19-43
93            android:theme="@android:style/Theme.Translucent.NoTitleBar" />
93-->[com.google.android.gms:play-services-base:18.1.0] AndroidManifest.xml:21:19-78
94
95        <meta-data
95-->[com.google.android.gms:play-services-basement:18.1.0] AndroidManifest.xml:21:9-23:69
96            android:name="com.google.android.gms.version"
96-->[com.google.android.gms:play-services-basement:18.1.0] AndroidManifest.xml:22:13-58
97            android:value="@integer/google_play_services_version" />
97-->[com.google.android.gms:play-services-basement:18.1.0] AndroidManifest.xml:23:13-66
98
99        <provider
99-->[androidx.emoji2:emoji2:1.2.0] AndroidManifest.xml:24:9-32:20
100            android:name="androidx.startup.InitializationProvider"
100-->[androidx.emoji2:emoji2:1.2.0] AndroidManifest.xml:25:13-67
101            android:authorities="com.example.imageclassification.androidx-startup"
101-->[androidx.emoji2:emoji2:1.2.0] AndroidManifest.xml:26:13-68
102            android:exported="false" >
102-->[androidx.emoji2:emoji2:1.2.0] AndroidManifest.xml:27:13-37
103            <meta-data
103-->[androidx.emoji2:emoji2:1.2.0] AndroidManifest.xml:29:13-31:52
104                android:name="androidx.emoji2.text.EmojiCompatInitializer"
104-->[androidx.emoji2:emoji2:1.2.0] AndroidManifest.xml:30:17-75
105                android:value="androidx.startup" />
105-->[androidx.emoji2:emoji2:1.2.0] AndroidManifest.xml:31:17-49
106            <meta-data
106-->[androidx.lifecycle:lifecycle-process:2.4.1] AndroidManifest.xml:31:13-33:52
107                android:name="androidx.lifecycle.ProcessLifecycleInitializer"
107-->[androidx.lifecycle:lifecycle-process:2.4.1] AndroidManifest.xml:32:17-78
108                android:value="androidx.startup" />
108-->[androidx.lifecycle:lifecycle-process:2.4.1] AndroidManifest.xml:33:17-49
109        </provider>
110    </application>
111
112</manifest>